<?xml version="1.0" encoding="UTF-8"?>
<testsuite xmlns:xsi="http://www.w3.org/2001/XMLSchema-instance" xsi:noNamespaceSchemaLocation="https://maven.apache.org/surefire/maven-surefire-plugin/xsd/surefire-test-report-3.0.xsd" version="3.0" name="com.andexevents.users.UsersServiceIntegrationTest" time="7.306" tests="4" errors="0" skipped="0" failures="0">
  <properties>
[...]
</properties>
  <testcase name="updateLocation_and_updateProfile_and_matches_work" classname="com.andexevents.users.UsersServiceIntegrationTest" time="0.269">
    <system-out><![CDATA[12:30:31.877 [main] INFO org.testcontainers.images.PullPolicy -- Image pull policy will be performed by: DefaultPullPolicy()
12:30:31.878 [main] INFO org.testcontainers.utility.ImageNameSubstitutor -- Image name substitution will be performed by: DefaultImageNameSubstitutor (composite of 'ConfigurationFileImageNameSubstitutor' and 'PrefixingImageNameSubstitutor')
12:30:31.889 [main] INFO org.testcontainers.DockerClientFactory -- Testcontainers version: 1.20.4
12:30:32.220 [main] INFO org.testcontainers.dockerclient.DockerClientProviderStrategy -- Found Docker environment with Environment variables, system properties and defaults. Resolved dockerHost=unix:///var/run/docker.sock
12:30:32.221 [main] INFO org.testcontainers.DockerClientFactory -- Docker host IP address is localhost
12:30:32.232 [main] INFO org.testcontainers.DockerClientFactory -- Connected to docker: 
  Server Version: 29.1.5
  API Version: 1.52
  Operating System: Docker Desktop
  Total Memory: 3918 MB
  Labels: 
    com.docker.desktop.address=unix:///Users/nathankarma/Library/Containers/com.docker.docker/Data/docker-cli.sock
12:30:32.321 [main] INFO tc.testcontainers/ryuk:0.11.0 -- Creating container for image: testcontainers/ryuk:0.11.0
12:30:32.516 [main] INFO tc.testcontainers/ryuk:0.11.0 -- Container testcontainers/ryuk:0.11.0 is starting: 873188c6f27ea1f1b88b2d71503731f20000c8c4ca9ba5f9248b1786bf8fd3ea
12:30:32.660 [main] INFO tc.testcontainers/ryuk:0.11.0 -- Container testcontainers/ryuk:0.11.0 started in PT0.338298S
12:30:32.663 [main] INFO org.testcontainers.utility.RyukResourceReaper -- Ryuk started - will monitor and terminate Testcontainers containers on JVM exit
12:30:32.663 [main] INFO org.testcontainers.DockerClientFactory -- Checking the system...
12:30:32.663 [main] INFO org.testcontainers.DockerClientFactory -- ✔︎ Docker server version should be at least 1.6.0
12:30:32.664 [main] INFO tc.postgis/postgis:16-3.4 -- Creating container for image: postgis/postgis:16-3.4
12:30:32.693 [main] INFO tc.postgis/postgis:16-3.4 -- Container postgis/postgis:16-3.4 is starting: 28846e70a46ab293a38bb780443333802c9e29f810bedb860d2eed15bc91566d
12:30:32.803 [main] WARN tc.postgis/postgis:16-3.4 -- The architecture 'amd64' for image 'postgis/postgis:16-3.4' (ID sha256:44126d872ac91993766c341e369c539e8196614321765d36a6f1bab0419a5fa5) does not match the Docker server architecture 'arm64'. This will cause the container to execute much more slowly due to emulation and may lead to timeout failures.
12:30:36.155 [main] INFO tc.postgis/postgis:16-3.4 -- Container postgis/postgis:16-3.4 started in PT3.491655S
12:30:36.157 [main] INFO tc.postgis/postgis:16-3.4 -- Container is started (JDBC URL: jdbc:postgresql://localhost:54816/test?loggerLevel=OFF)
12:30:36.195 [main] INFO org.testcontainers.ext.ScriptUtils -- Executing database script from init-db.sql
12:30:36.363 [main] INFO org.testcontainers.ext.ScriptUtils -- Executed database script from init-db.sql in 168 ms.
12:30:36.405 [main] INFO org.springframework.test.context.support.AnnotationConfigContextLoaderUtils -- Could not detect default configuration classes for test class [com.andexevents.users.UsersServiceIntegrationTest]: UsersServiceIntegrationTest does not declare any static, non-private, non-final, nested classes annotated with @Configuration.
12:30:36.446 [main] INFO org.springframework.boot.test.context.SpringBootTestContextBootstrapper -- Found @SpringBootConfiguration com.andexevents.users.UsersServiceApplication for test class com.andexevents.users.UsersServiceIntegrationTest

  .   ____          _            __ _ _
 /\\ / ___'_ __ _ _(_)_ __  __ _ \ \ \ \
( ( )\___ | '_ | '_| | '_ \/ _` | \ \ \ \
 \\/  ___)| |_)| | | | | || (_| |  ) ) ) )
  '  |____| .__|_| |_|_| |_\__, | / / / /
 =========|_|==============|___/=/_/_/_/

 :: Spring Boot ::                (v3.3.5)

2026-05-04T12:30:36.603+03:00  INFO 66883 --- [users-service] [           main] c.a.users.UsersServiceIntegrationTest    : Starting UsersServiceIntegrationTest using Java 25.0.1 with PID 66883 (started by nathankarma in /Users/nathankarma/Code/andexevents/services-java/users-service)
2026-05-04T12:30:36.604+03:00  INFO 66883 --- [users-service] [           main] c.a.users.UsersServiceIntegrationTest    : No active profile set, falling back to 1 default profile: "default"
2026-05-04T12:30:37.613+03:00  INFO 66883 --- [users-service] [           main] o.s.b.w.embedded.tomcat.TomcatWebServer  : Tomcat initialized with port 0 (http)
2026-05-04T12:30:37.618+03:00  INFO 66883 --- [users-service] [           main] o.apache.catalina.core.StandardService   : Starting service [Tomcat]
2026-05-04T12:30:37.619+03:00  INFO 66883 --- [users-service] [           main] o.apache.catalina.core.StandardEngine    : Starting Servlet engine: [Apache Tomcat/10.1.31]
2026-05-04T12:30:37.645+03:00  INFO 66883 --- [users-service] [           main] o.a.c.c.C.[Tomcat].[localhost].[/]       : Initializing Spring embedded WebApplicationContext
2026-05-04T12:30:37.645+03:00  INFO 66883 --- [users-service] [           main] w.s.c.ServletWebServerApplicationContext : Root WebApplicationContext: initialization completed in 1034 ms
2026-05-04T12:30:37.756+03:00  INFO 66883 --- [users-service] [           main] com.zaxxer.hikari.HikariDataSource       : HikariPool-1 - Starting...
2026-05-04T12:30:37.800+03:00  INFO 66883 --- [users-service] [           main] com.zaxxer.hikari.pool.HikariPool        : HikariPool-1 - Added connection org.postgresql.jdbc.PgConnection@380e3122
2026-05-04T12:30:37.801+03:00  INFO 66883 --- [users-service] [           main] com.zaxxer.hikari.HikariDataSource       : HikariPool-1 - Start completed.
2026-05-04T12:30:37.823+03:00  INFO 66883 --- [users-service] [           main] org.flywaydb.core.FlywayExecutor         : Database: jdbc:postgresql://localhost:54816/test (PostgreSQL 16.4)
2026-05-04T12:30:37.849+03:00  INFO 66883 --- [users-service] [           main] o.f.core.internal.database.base.Schema   : Creating schema "users" ...
2026-05-04T12:30:37.866+03:00  INFO 66883 --- [users-service] [           main] o.f.c.i.s.JdbcTableSchemaHistory         : Creating Schema History table "users"."flyway_schema_history" ...
2026-05-04T12:30:37.940+03:00  INFO 66883 --- [users-service] [           main] o.f.core.internal.command.DbMigrate      : Current version of schema "users": null
2026-05-04T12:30:37.948+03:00  INFO 66883 --- [users-service] [           main] o.f.core.internal.command.DbMigrate      : Migrating schema "users" to version "1 - init"
2026-05-04T12:30:37.951+03:00  WARN 66883 --- [users-service] [           main] o.f.c.i.s.DefaultSqlScriptExecutor       : DB: extension "postgis" already exists, skipping (SQL State: 42710 - Error Code: 0)
2026-05-04T12:30:37.993+03:00  INFO 66883 --- [users-service] [           main] o.f.core.internal.command.DbMigrate      : Migrating schema "users" to version "2 - firebase uid"
2026-05-04T12:30:37.996+03:00  WARN 66883 --- [users-service] [           main] o.f.c.i.s.DefaultSqlScriptExecutor       : DB: column "supabaseUid" of relation "User" already exists, skipping (SQL State: 42701 - Error Code: 0)
2026-05-04T12:30:38.006+03:00  WARN 66883 --- [users-service] [           main] o.f.c.i.s.DefaultSqlScriptExecutor       : DB: relation "User_supabaseUid_key" already exists, skipping (SQL State: 42P07 - Error Code: 0)
2026-05-04T12:30:38.006+03:00  WARN 66883 --- [users-service] [           main] o.f.c.i.s.DefaultSqlScriptExecutor       : DB: relation "User_supabaseUid_idx" already exists, skipping (SQL State: 42P07 - Error Code: 0)
2026-05-04T12:30:38.013+03:00  INFO 66883 --- [users-service] [           main] o.f.core.internal.command.DbMigrate      : Migrating schema "users" to version "3 - add reports"
2026-05-04T12:30:38.025+03:00  INFO 66883 --- [users-service] [           main] o.f.core.internal.command.DbMigrate      : Migrating schema "users" to version "4 - add photos"
2026-05-04T12:30:38.033+03:00  INFO 66883 --- [users-service] [           main] o.f.core.internal.command.DbMigrate      : Migrating schema "users" to version "5 - add cover and blocks"
2026-05-04T12:30:38.042+03:00  INFO 66883 --- [users-service] [           main] o.f.core.internal.command.DbMigrate      : Migrating schema "users" to version "6 - add admin audit logs"
2026-05-04T12:30:38.050+03:00  INFO 66883 --- [users-service] [           main] o.f.core.internal.command.DbMigrate      : Migrating schema "users" to version "7 - add user sanctions"
2026-05-04T12:30:38.059+03:00  INFO 66883 --- [users-service] [           main] o.f.core.internal.command.DbMigrate      : Migrating schema "users" to version "8 - add privacy settings"
2026-05-04T12:30:38.065+03:00  INFO 66883 --- [users-service] [           main] o.f.core.internal.command.DbMigrate      : Successfully applied 8 migrations to schema "users", now at version v8 (execution time 00:00.077s)
2026-05-04T12:30:38.204+03:00  WARN 66883 --- [users-service] [           main] .s.s.UserDetailsServiceAutoConfiguration : 

Using generated security password: 939b9573-da0a-4532-b1da-750b7e3a8293

This generated password is for development use only. Your security configuration must be updated before running your application in production.

2026-05-04T12:30:38.208+03:00  INFO 66883 --- [users-service] [           main] r$InitializeUserDetailsManagerConfigurer : Global AuthenticationManager configured with UserDetailsService bean with name inMemoryUserDetailsManager
2026-05-04T12:30:38.340+03:00  INFO 66883 --- [users-service] [           main] o.s.b.a.e.web.EndpointLinksResolver      : Exposing 3 endpoints beneath base path '/actuator'
2026-05-04T12:30:38.514+03:00  INFO 66883 --- [users-service] [           main] o.s.b.w.embedded.tomcat.TomcatWebServer  : Tomcat started on port 54860 (http) with context path '/'
2026-05-04T12:30:38.525+03:00  INFO 66883 --- [users-service] [           main] c.a.users.UsersServiceIntegrationTest    : Started UsersServiceIntegrationTest in 2.026 seconds (process running for 6.936)
2026-05-04T12:30:38.665+03:00  INFO 66883 --- [users-service] [o-auto-1-exec-1] o.a.c.c.C.[Tomcat].[localhost].[/]       : Initializing Spring DispatcherServlet 'dispatcherServlet'
2026-05-04T12:30:38.665+03:00  INFO 66883 --- [users-service] [o-auto-1-exec-1] o.s.web.servlet.DispatcherServlet        : Initializing Servlet 'dispatcherServlet'
2026-05-04T12:30:38.666+03:00  INFO 66883 --- [users-service] [o-auto-1-exec-1] o.s.web.servlet.DispatcherServlet        : Completed initialization in 1 ms
2026-05-04T12:30:38.690+03:00  WARN 66883 --- [users-service] [o-auto-1-exec-1] com.andexevents.users.auth.AuthFilter    : Authenticated check: NO userId found for uid=uid-1, email=u1@example.com for POST /api/users
2026-05-04T12:30:38.734+03:00  WARN 66883 --- [users-service] [o-auto-1-exec-2] com.andexevents.users.auth.AuthFilter    : Authenticated check: NO userId found for uid=uid-2, email=u2@example.com for POST /api/users
2026-05-04T12:30:38.743+03:00  INFO 66883 --- [users-service] [o-auto-1-exec-3] com.andexevents.users.auth.AuthFilter    : Authenticated user: userId=1b18f616-6006-4e6d-9f34-3b70b0f04d37, uid=uid-1, email=u1@example.com for PUT /api/users/me
2026-05-04T12:30:38.780+03:00  INFO 66883 --- [users-service] [o-auto-1-exec-4] com.andexevents.users.auth.AuthFilter    : Authenticated user: userId=1b18f616-6006-4e6d-9f34-3b70b0f04d37, uid=uid-1, email=u1@example.com for PUT /api/users/me/location
2026-05-04T12:30:38.790+03:00  INFO 66883 --- [users-service] [o-auto-1-exec-5] com.andexevents.users.auth.AuthFilter    : Authenticated user: userId=d3264f87-58fe-472f-b84e-257210ccea56, uid=uid-2, email=u2@example.com for PUT /api/users/me
2026-05-04T12:30:38.797+03:00  INFO 66883 --- [users-service] [o-auto-1-exec-6] com.andexevents.users.auth.AuthFilter    : Authenticated user: userId=d3264f87-58fe-472f-b84e-257210ccea56, uid=uid-2, email=u2@example.com for PUT /api/users/me/location
2026-05-04T12:30:38.803+03:00  INFO 66883 --- [users-service] [o-auto-1-exec-7] com.andexevents.users.auth.AuthFilter    : Authenticated user: userId=1b18f616-6006-4e6d-9f34-3b70b0f04d37, uid=uid-1, email=u1@example.com for GET /api/users/matches
]]></system-out>
    <system-err><![CDATA[WARNING: A Java agent has been loaded dynamically (/Users/nathankarma/.m2/repository/net/bytebuddy/byte-buddy-agent/1.14.19/byte-buddy-agent-1.14.19.jar)
WARNING: If a serviceability tool is in use, please run with -XX:+EnableDynamicAgentLoading to hide this warning
WARNING: If a serviceability tool is not in use, please run with -Djdk.instrument.traceUsage for more information
WARNING: Dynamic loading of agents will be disallowed by default in a future release
]]></system-err>
  </testcase>
  <testcase name="updateProfile_withSocialLinks_returnsUpdatedUser" classname="com.andexevents.users.UsersServiceIntegrationTest" time="0.017">
    <system-out><![CDATA[2026-05-04T12:30:38.836+03:00  INFO 66883 --- [users-service] [o-auto-1-exec-8] com.andexevents.users.auth.AuthFilter    : Authenticated user: userId=1b18f616-6006-4e6d-9f34-3b70b0f04d37, uid=uid-1, email=u1@example.com for POST /api/users
2026-05-04T12:30:38.840+03:00  INFO 66883 --- [users-service] [o-auto-1-exec-9] com.andexevents.users.auth.AuthFilter    : Authenticated user: userId=1b18f616-6006-4e6d-9f34-3b70b0f04d37, uid=uid-1, email=u1@example.com for PUT /api/users/me
]]></system-out>
  </testcase>
  <testcase name="createUser_thenMe_returnsUser" classname="com.andexevents.users.UsersServiceIntegrationTest" time="0.019">
    <system-out><![CDATA[2026-05-04T12:30:38.854+03:00  INFO 66883 --- [users-service] [-auto-1-exec-10] com.andexevents.users.auth.AuthFilter    : Authenticated user: userId=1b18f616-6006-4e6d-9f34-3b70b0f04d37, uid=uid-1, email=u1@example.com for POST /api/users
2026-05-04T12:30:38.858+03:00  INFO 66883 --- [users-service] [o-auto-1-exec-1] com.andexevents.users.auth.AuthFilter    : Authenticated user: userId=1b18f616-6006-4e6d-9f34-3b70b0f04d37, uid=uid-1, email=u1@example.com for GET /api/users/me
]]></system-out>
  </testcase>
  <testcase name="createUser_duplicateEmailDifferentUid_returns409" classname="com.andexevents.users.UsersServiceIntegrationTest" time="0.015">
    <system-out><![CDATA[2026-05-04T12:30:38.873+03:00  INFO 66883 --- [users-service] [o-auto-1-exec-2] com.andexevents.users.auth.AuthFilter    : Authenticated user: userId=1b18f616-6006-4e6d-9f34-3b70b0f04d37, uid=uid-1, email=u1@example.com for POST /api/users
2026-05-04T12:30:38.879+03:00  INFO 66883 --- [users-service] [o-auto-1-exec-3] com.andexevents.users.auth.AuthFilter    : Authenticated user: userId=1b18f616-6006-4e6d-9f34-3b70b0f04d37, uid=uid-3, email=u1@example.com for POST /api/users
]]></system-out>
  </testcase>
</testsuite>