<?xml version="1.0" encoding="UTF-8"?>
<testsuite xmlns:xsi="http://www.w3.org/2001/XMLSchema-instance" xsi:noNamespaceSchemaLocation="https://maven.apache.org/surefire/maven-surefire-plugin/xsd/surefire-test-report-3.0.xsd" version="3.0" name="com.andexevents.users.UsersServiceIntegrationTest" time="6.425" tests="4" errors="0" skipped="0" failures="0">
  <properties>
[...]
</properties>
  <testcase name="updateLocation_and_updateProfile_and_matches_work" classname="com.andexevents.users.UsersServiceIntegrationTest" time="0.233">
    <system-out><![CDATA[13:22:56.413 [main] INFO org.testcontainers.images.PullPolicy -- Image pull policy will be performed by: DefaultPullPolicy()
13:22:56.415 [main] INFO org.testcontainers.utility.ImageNameSubstitutor -- Image name substitution will be performed by: DefaultImageNameSubstitutor (composite of 'ConfigurationFileImageNameSubstitutor' and 'PrefixingImageNameSubstitutor')
13:22:56.425 [main] INFO org.testcontainers.DockerClientFactory -- Testcontainers version: 1.20.4
13:22:56.607 [main] INFO org.testcontainers.dockerclient.DockerClientProviderStrategy -- Found Docker environment with Environment variables, system properties and defaults. Resolved dockerHost=unix:///var/run/docker.sock
13:22:56.608 [main] INFO org.testcontainers.DockerClientFactory -- Docker host IP address is localhost
13:22:56.617 [main] INFO org.testcontainers.DockerClientFactory -- Connected to docker: 
  Server Version: 29.1.5
  API Version: 1.52
  Operating System: Docker Desktop
  Total Memory: 3918 MB
  Labels: 
    com.docker.desktop.address=unix:///Users/nathankarma/Library/Containers/com.docker.docker/Data/docker-cli.sock
13:22:56.688 [main] INFO tc.testcontainers/ryuk:0.11.0 -- Creating container for image: testcontainers/ryuk:0.11.0
13:22:56.874 [main] INFO tc.testcontainers/ryuk:0.11.0 -- Container testcontainers/ryuk:0.11.0 is starting: 6b1ea8085b9bcdd4178e5f0ba38ece67403da3fd0d1bae073783140e1d07941b
13:22:57.011 [main] INFO tc.testcontainers/ryuk:0.11.0 -- Container testcontainers/ryuk:0.11.0 started in PT0.322894S
13:22:57.013 [main] INFO org.testcontainers.utility.RyukResourceReaper -- Ryuk started - will monitor and terminate Testcontainers containers on JVM exit
13:22:57.013 [main] INFO org.testcontainers.DockerClientFactory -- Checking the system...
13:22:57.013 [main] INFO org.testcontainers.DockerClientFactory -- ✔︎ Docker server version should be at least 1.6.0
13:22:57.014 [main] INFO tc.postgis/postgis:16-3.4 -- Creating container for image: postgis/postgis:16-3.4
13:22:57.040 [main] INFO tc.postgis/postgis:16-3.4 -- Container postgis/postgis:16-3.4 is starting: 3fbb54394bb483a685dc7da2e5291cfd0396a684e5e7981b7aa63c8476f10770
13:22:57.139 [main] WARN tc.postgis/postgis:16-3.4 -- The architecture 'amd64' for image 'postgis/postgis:16-3.4' (ID sha256:44126d872ac91993766c341e369c539e8196614321765d36a6f1bab0419a5fa5) does not match the Docker server architecture 'arm64'. This will cause the container to execute much more slowly due to emulation and may lead to timeout failures.
13:23:00.185 [main] INFO tc.postgis/postgis:16-3.4 -- Container postgis/postgis:16-3.4 started in PT3.171515S
13:23:00.186 [main] INFO tc.postgis/postgis:16-3.4 -- Container is started (JDBC URL: jdbc:postgresql://localhost:57725/test?loggerLevel=OFF)
13:23:00.228 [main] INFO org.springframework.test.context.support.AnnotationConfigContextLoaderUtils -- Could not detect default configuration classes for test class [com.andexevents.users.UsersServiceIntegrationTest]: UsersServiceIntegrationTest does not declare any static, non-private, non-final, nested classes annotated with @Configuration.
13:23:00.286 [main] INFO org.springframework.boot.test.context.SpringBootTestContextBootstrapper -- Found @SpringBootConfiguration com.andexevents.users.UsersServiceApplication for test class com.andexevents.users.UsersServiceIntegrationTest

  .   ____          _            __ _ _
 /\\ / ___'_ __ _ _(_)_ __  __ _ \ \ \ \
( ( )\___ | '_ | '_| | '_ \/ _` | \ \ \ \
 \\/  ___)| |_)| | | | | || (_| |  ) ) ) )
  '  |____| .__|_| |_|_| |_\__, | / / / /
 =========|_|==============|___/=/_/_/_/

 :: Spring Boot ::                (v3.3.5)

2026-03-17T13:23:00.501+03:00  INFO 77755 --- [users-service] [           main] c.a.users.UsersServiceIntegrationTest    : Starting UsersServiceIntegrationTest using Java 25.0.1 with PID 77755 (started by nathankarma in /Users/nathankarma/Code/andexevents/services-java/users-service)
2026-03-17T13:23:00.502+03:00  INFO 77755 --- [users-service] [           main] c.a.users.UsersServiceIntegrationTest    : No active profile set, falling back to 1 default profile: "default"
2026-03-17T13:23:01.395+03:00  INFO 77755 --- [users-service] [           main] o.s.b.w.embedded.tomcat.TomcatWebServer  : Tomcat initialized with port 0 (http)
2026-03-17T13:23:01.400+03:00  INFO 77755 --- [users-service] [           main] o.apache.catalina.core.StandardService   : Starting service [Tomcat]
2026-03-17T13:23:01.400+03:00  INFO 77755 --- [users-service] [           main] o.apache.catalina.core.StandardEngine    : Starting Servlet engine: [Apache Tomcat/10.1.31]
2026-03-17T13:23:01.427+03:00  INFO 77755 --- [users-service] [           main] o.a.c.c.C.[Tomcat].[localhost].[/]       : Initializing Spring embedded WebApplicationContext
2026-03-17T13:23:01.427+03:00  INFO 77755 --- [users-service] [           main] w.s.c.ServletWebServerApplicationContext : Root WebApplicationContext: initialization completed in 919 ms
2026-03-17T13:23:01.525+03:00  INFO 77755 --- [users-service] [           main] com.zaxxer.hikari.HikariDataSource       : HikariPool-1 - Starting...
2026-03-17T13:23:01.622+03:00  INFO 77755 --- [users-service] [           main] com.zaxxer.hikari.pool.HikariPool        : HikariPool-1 - Added connection org.postgresql.jdbc.PgConnection@15c96f24
2026-03-17T13:23:01.622+03:00  INFO 77755 --- [users-service] [           main] com.zaxxer.hikari.HikariDataSource       : HikariPool-1 - Start completed.
2026-03-17T13:23:01.648+03:00  INFO 77755 --- [users-service] [           main] org.flywaydb.core.FlywayExecutor         : Database: jdbc:postgresql://localhost:57725/test (PostgreSQL 16.4)
2026-03-17T13:23:01.674+03:00  INFO 77755 --- [users-service] [           main] o.f.core.internal.database.base.Schema   : Creating schema "users" ...
2026-03-17T13:23:01.689+03:00  INFO 77755 --- [users-service] [           main] o.f.c.i.s.JdbcTableSchemaHistory         : Creating Schema History table "users"."flyway_schema_history" ...
2026-03-17T13:23:01.767+03:00  INFO 77755 --- [users-service] [           main] o.f.core.internal.command.DbMigrate      : Current version of schema "users": null
2026-03-17T13:23:01.774+03:00  INFO 77755 --- [users-service] [           main] o.f.core.internal.command.DbMigrate      : Migrating schema "users" to version "1 - init"
2026-03-17T13:23:01.777+03:00  WARN 77755 --- [users-service] [           main] o.f.c.i.s.DefaultSqlScriptExecutor       : DB: extension "postgis" already exists, skipping (SQL State: 42710 - Error Code: 0)
2026-03-17T13:23:01.817+03:00  INFO 77755 --- [users-service] [           main] o.f.core.internal.command.DbMigrate      : Migrating schema "users" to version "2 - firebase uid"
2026-03-17T13:23:01.819+03:00  WARN 77755 --- [users-service] [           main] o.f.c.i.s.DefaultSqlScriptExecutor       : DB: column "supabaseUid" of relation "User" already exists, skipping (SQL State: 42701 - Error Code: 0)
2026-03-17T13:23:01.828+03:00  WARN 77755 --- [users-service] [           main] o.f.c.i.s.DefaultSqlScriptExecutor       : DB: relation "User_supabaseUid_key" already exists, skipping (SQL State: 42P07 - Error Code: 0)
2026-03-17T13:23:01.829+03:00  WARN 77755 --- [users-service] [           main] o.f.c.i.s.DefaultSqlScriptExecutor       : DB: relation "User_supabaseUid_idx" already exists, skipping (SQL State: 42P07 - Error Code: 0)
2026-03-17T13:23:01.835+03:00  INFO 77755 --- [users-service] [           main] o.f.core.internal.command.DbMigrate      : Migrating schema "users" to version "3 - add reports"
2026-03-17T13:23:01.845+03:00  INFO 77755 --- [users-service] [           main] o.f.core.internal.command.DbMigrate      : Migrating schema "users" to version "4 - add photos"
2026-03-17T13:23:01.853+03:00  INFO 77755 --- [users-service] [           main] o.f.core.internal.command.DbMigrate      : Migrating schema "users" to version "5 - add cover and blocks"
2026-03-17T13:23:01.862+03:00  INFO 77755 --- [users-service] [           main] o.f.core.internal.command.DbMigrate      : Successfully applied 5 migrations to schema "users", now at version v5 (execution time 00:00.063s)
2026-03-17T13:23:01.978+03:00  WARN 77755 --- [users-service] [           main] .s.s.UserDetailsServiceAutoConfiguration : 

Using generated security password: 56ad010a-93e4-4d57-a063-ff6139ff80d0

This generated password is for development use only. Your security configuration must be updated before running your application in production.

2026-03-17T13:23:01.982+03:00  INFO 77755 --- [users-service] [           main] r$InitializeUserDetailsManagerConfigurer : Global AuthenticationManager configured with UserDetailsService bean with name inMemoryUserDetailsManager
2026-03-17T13:23:02.078+03:00  INFO 77755 --- [users-service] [           main] o.s.b.a.e.web.EndpointLinksResolver      : Exposing 3 endpoints beneath base path '/actuator'
2026-03-17T13:23:02.229+03:00  INFO 77755 --- [users-service] [           main] o.s.b.w.embedded.tomcat.TomcatWebServer  : Tomcat started on port 57777 (http) with context path '/'
2026-03-17T13:23:02.237+03:00  INFO 77755 --- [users-service] [           main] c.a.users.UsersServiceIntegrationTest    : Started UsersServiceIntegrationTest in 1.866 seconds (process running for 6.089)
2026-03-17T13:23:02.372+03:00  INFO 77755 --- [users-service] [o-auto-1-exec-1] o.a.c.c.C.[Tomcat].[localhost].[/]       : Initializing Spring DispatcherServlet 'dispatcherServlet'
2026-03-17T13:23:02.373+03:00  INFO 77755 --- [users-service] [o-auto-1-exec-1] o.s.web.servlet.DispatcherServlet        : Initializing Servlet 'dispatcherServlet'
2026-03-17T13:23:02.373+03:00  INFO 77755 --- [users-service] [o-auto-1-exec-1] o.s.web.servlet.DispatcherServlet        : Completed initialization in 0 ms
]]></system-out>
    <system-err><![CDATA[WARNING: A Java agent has been loaded dynamically (/Users/nathankarma/.m2/repository/net/bytebuddy/byte-buddy-agent/1.14.19/byte-buddy-agent-1.14.19.jar)
WARNING: If a serviceability tool is in use, please run with -XX:+EnableDynamicAgentLoading to hide this warning
WARNING: If a serviceability tool is not in use, please run with -Djdk.instrument.traceUsage for more information
WARNING: Dynamic loading of agents will be disallowed by default in a future release
]]></system-err>
  </testcase>
  <testcase name="updateProfile_withSocialLinks_returnsUpdatedUser" classname="com.andexevents.users.UsersServiceIntegrationTest" time="0.019"/>
  <testcase name="createUser_thenMe_returnsUser" classname="com.andexevents.users.UsersServiceIntegrationTest" time="0.012"/>
  <testcase name="createUser_duplicateEmailDifferentUid_returns409" classname="com.andexevents.users.UsersServiceIntegrationTest" time="0.012"/>
</testsuite>