<?xml version="1.0" encoding="UTF-8"?>
<testsuite xmlns:xsi="http://www.w3.org/2001/XMLSchema-instance" xsi:noNamespaceSchemaLocation="https://maven.apache.org/surefire/maven-surefire-plugin/xsd/surefire-test-report-3.0.xsd" version="3.0" name="com.andexevents.events.EventsServiceIntegrationTest" time="6.333" tests="2" errors="0" skipped="0" failures="0">
  <properties>
[...]
</properties>
  <testcase name="userParticipatedEvents_returnsRealParticipatedEvents" classname="com.andexevents.events.EventsServiceIntegrationTest" time="0.229">
    <system-out><![CDATA[12:33:30.955 [main] INFO org.testcontainers.images.PullPolicy -- Image pull policy will be performed by: DefaultPullPolicy()
12:33:30.957 [main] INFO org.testcontainers.utility.ImageNameSubstitutor -- Image name substitution will be performed by: DefaultImageNameSubstitutor (composite of 'ConfigurationFileImageNameSubstitutor' and 'PrefixingImageNameSubstitutor')
12:33:30.966 [main] INFO org.testcontainers.DockerClientFactory -- Testcontainers version: 1.20.4
12:33:31.149 [main] INFO org.testcontainers.dockerclient.DockerClientProviderStrategy -- Found Docker environment with Environment variables, system properties and defaults. Resolved dockerHost=unix:///var/run/docker.sock
12:33:31.150 [main] INFO org.testcontainers.DockerClientFactory -- Docker host IP address is localhost
12:33:31.159 [main] INFO org.testcontainers.DockerClientFactory -- Connected to docker: 
  Server Version: 29.1.5
  API Version: 1.52
  Operating System: Docker Desktop
  Total Memory: 3918 MB
  Labels: 
    com.docker.desktop.address=unix:///Users/nathankarma/Library/Containers/com.docker.docker/Data/docker-cli.sock
12:33:31.254 [main] INFO tc.testcontainers/ryuk:0.11.0 -- Creating container for image: testcontainers/ryuk:0.11.0
12:33:31.447 [main] INFO tc.testcontainers/ryuk:0.11.0 -- Container testcontainers/ryuk:0.11.0 is starting: e0c8dedd0526db602d858e88d2aa4917d933d6854ea0e865f316148269acbdbc
12:33:31.575 [main] INFO tc.testcontainers/ryuk:0.11.0 -- Container testcontainers/ryuk:0.11.0 started in PT0.321544S
12:33:31.578 [main] INFO org.testcontainers.utility.RyukResourceReaper -- Ryuk started - will monitor and terminate Testcontainers containers on JVM exit
12:33:31.578 [main] INFO org.testcontainers.DockerClientFactory -- Checking the system...
12:33:31.578 [main] INFO org.testcontainers.DockerClientFactory -- ✔︎ Docker server version should be at least 1.6.0
12:33:31.579 [main] INFO tc.postgis/postgis:16-3.4 -- Creating container for image: postgis/postgis:16-3.4
12:33:31.605 [main] INFO tc.postgis/postgis:16-3.4 -- Container postgis/postgis:16-3.4 is starting: 8e7a3d56bb43f639f35da82b95d6d92e4efab84f25ea297a3daed37a0b259d2d
12:33:31.701 [main] WARN tc.postgis/postgis:16-3.4 -- The architecture 'amd64' for image 'postgis/postgis:16-3.4' (ID sha256:44126d872ac91993766c341e369c539e8196614321765d36a6f1bab0419a5fa5) does not match the Docker server architecture 'arm64'. This will cause the container to execute much more slowly due to emulation and may lead to timeout failures.
12:33:34.786 [main] INFO tc.postgis/postgis:16-3.4 -- Container postgis/postgis:16-3.4 started in PT3.207301S
12:33:34.788 [main] INFO tc.postgis/postgis:16-3.4 -- Container is started (JDBC URL: jdbc:postgresql://localhost:55828/test?loggerLevel=OFF)
12:33:34.829 [main] INFO org.springframework.test.context.support.AnnotationConfigContextLoaderUtils -- Could not detect default configuration classes for test class [com.andexevents.events.EventsServiceIntegrationTest]: EventsServiceIntegrationTest does not declare any static, non-private, non-final, nested classes annotated with @Configuration.
12:33:34.870 [main] INFO org.springframework.boot.test.context.SpringBootTestContextBootstrapper -- Found @SpringBootConfiguration com.andexevents.events.EventsServiceApplication for test class com.andexevents.events.EventsServiceIntegrationTest

  .   ____          _            __ _ _
 /\\ / ___'_ __ _ _(_)_ __  __ _ \ \ \ \
( ( )\___ | '_ | '_| | '_ \/ _` | \ \ \ \
 \\/  ___)| |_)| | | | | || (_| |  ) ) ) )
  '  |____| .__|_| |_|_| |_\__, | / / / /
 =========|_|==============|___/=/_/_/_/

 :: Spring Boot ::                (v3.3.5)

2026-05-04T12:33:35.017+03:00  INFO 68874 --- [events-service] [           main] c.a.events.EventsServiceIntegrationTest  : Starting EventsServiceIntegrationTest using Java 25.0.1 with PID 68874 (started by nathankarma in /Users/nathankarma/Code/andexevents/services-java/events-service)
2026-05-04T12:33:35.017+03:00  INFO 68874 --- [events-service] [           main] c.a.events.EventsServiceIntegrationTest  : No active profile set, falling back to 1 default profile: "default"
2026-05-04T12:33:35.879+03:00  INFO 68874 --- [events-service] [           main] o.s.b.w.embedded.tomcat.TomcatWebServer  : Tomcat initialized with port 0 (http)
2026-05-04T12:33:35.885+03:00  INFO 68874 --- [events-service] [           main] o.apache.catalina.core.StandardService   : Starting service [Tomcat]
2026-05-04T12:33:35.885+03:00  INFO 68874 --- [events-service] [           main] o.apache.catalina.core.StandardEngine    : Starting Servlet engine: [Apache Tomcat/10.1.31]
2026-05-04T12:33:35.902+03:00  INFO 68874 --- [events-service] [           main] o.a.c.c.C.[Tomcat].[localhost].[/]       : Initializing Spring embedded WebApplicationContext
2026-05-04T12:33:35.902+03:00  INFO 68874 --- [events-service] [           main] w.s.c.ServletWebServerApplicationContext : Root WebApplicationContext: initialization completed in 879 ms
2026-05-04T12:33:36.005+03:00  INFO 68874 --- [events-service] [           main] com.zaxxer.hikari.HikariDataSource       : HikariPool-1 - Starting...
2026-05-04T12:33:36.099+03:00  INFO 68874 --- [events-service] [           main] com.zaxxer.hikari.pool.HikariPool        : HikariPool-1 - Added connection org.postgresql.jdbc.PgConnection@24482a4f
2026-05-04T12:33:36.099+03:00  INFO 68874 --- [events-service] [           main] com.zaxxer.hikari.HikariDataSource       : HikariPool-1 - Start completed.
2026-05-04T12:33:36.117+03:00  INFO 68874 --- [events-service] [           main] org.flywaydb.core.FlywayExecutor         : Database: jdbc:postgresql://localhost:55828/test (PostgreSQL 16.4)
2026-05-04T12:33:36.141+03:00  INFO 68874 --- [events-service] [           main] o.f.core.internal.database.base.Schema   : Creating schema "events" ...
2026-05-04T12:33:36.156+03:00  INFO 68874 --- [events-service] [           main] o.f.c.i.s.JdbcTableSchemaHistory         : Creating Schema History table "events"."flyway_schema_history" ...
2026-05-04T12:33:36.231+03:00  INFO 68874 --- [events-service] [           main] o.f.core.internal.command.DbMigrate      : Current version of schema "events": null
2026-05-04T12:33:36.238+03:00  INFO 68874 --- [events-service] [           main] o.f.core.internal.command.DbMigrate      : Migrating schema "events" to version "1 - init"
2026-05-04T12:33:36.241+03:00  WARN 68874 --- [events-service] [           main] o.f.c.i.s.DefaultSqlScriptExecutor       : DB: extension "postgis" already exists, skipping (SQL State: 42710 - Error Code: 0)
2026-05-04T12:33:36.295+03:00  INFO 68874 --- [events-service] [           main] o.f.core.internal.command.DbMigrate      : Migrating schema "events" to version "2 - firebase uid"
2026-05-04T12:33:36.296+03:00  INFO 68874 --- [events-service] [           main] o.f.c.i.s.DefaultSqlScriptExecutor       : DB: relation "User" does not exist, skipping
2026-05-04T12:33:36.296+03:00  INFO 68874 --- [events-service] [           main] o.f.c.i.s.DefaultSqlScriptExecutor       : DB: relation "User" does not exist, skipping
2026-05-04T12:33:36.303+03:00  INFO 68874 --- [events-service] [           main] o.f.core.internal.command.DbMigrate      : Migrating schema "events" to version "3 - add event image urls"
2026-05-04T12:33:36.311+03:00  INFO 68874 --- [events-service] [           main] o.f.core.internal.command.DbMigrate      : Migrating schema "events" to version "4 - add event ratings"
2026-05-04T12:33:36.322+03:00  INFO 68874 --- [events-service] [           main] o.f.core.internal.command.DbMigrate      : Successfully applied 4 migrations to schema "events", now at version v4 (execution time 00:00.064s)
2026-05-04T12:33:36.449+03:00  WARN 68874 --- [events-service] [           main] .s.s.UserDetailsServiceAutoConfiguration : 

Using generated security password: af7cfc42-3198-4ae6-bdc5-455015a773f2

This generated password is for development use only. Your security configuration must be updated before running your application in production.

2026-05-04T12:33:36.454+03:00  INFO 68874 --- [events-service] [           main] r$InitializeUserDetailsManagerConfigurer : Global AuthenticationManager configured with UserDetailsService bean with name inMemoryUserDetailsManager
2026-05-04T12:33:36.553+03:00  INFO 68874 --- [events-service] [           main] o.s.b.a.e.web.EndpointLinksResolver      : Exposing 3 endpoints beneath base path '/actuator'
2026-05-04T12:33:36.699+03:00  INFO 68874 --- [events-service] [           main] o.s.b.w.embedded.tomcat.TomcatWebServer  : Tomcat started on port 55863 (http) with context path '/'
2026-05-04T12:33:36.707+03:00  INFO 68874 --- [events-service] [           main] c.a.events.EventsServiceIntegrationTest  : Started EventsServiceIntegrationTest in 1.787 seconds (process running for 5.97)
2026-05-04T12:33:36.860+03:00  INFO 68874 --- [events-service] [o-auto-1-exec-1] o.a.c.c.C.[Tomcat].[localhost].[/]       : Initializing Spring DispatcherServlet 'dispatcherServlet'
2026-05-04T12:33:36.860+03:00  INFO 68874 --- [events-service] [o-auto-1-exec-1] o.s.web.servlet.DispatcherServlet        : Initializing Servlet 'dispatcherServlet'
2026-05-04T12:33:36.861+03:00  INFO 68874 --- [events-service] [o-auto-1-exec-1] o.s.web.servlet.DispatcherServlet        : Completed initialization in 1 ms
]]></system-out>
    <system-err><![CDATA[WARNING: A Java agent has been loaded dynamically (/Users/nathankarma/.m2/repository/net/bytebuddy/byte-buddy-agent/1.14.19/byte-buddy-agent-1.14.19.jar)
WARNING: If a serviceability tool is in use, please run with -XX:+EnableDynamicAgentLoading to hide this warning
WARNING: If a serviceability tool is not in use, please run with -Djdk.instrument.traceUsage for more information
WARNING: Dynamic loading of agents will be disallowed by default in a future release
]]></system-err>
  </testcase>
  <testcase name="createEvent_list_get_participate_participants_flow" classname="com.andexevents.events.EventsServiceIntegrationTest" time="0.036"/>
</testsuite>