<?xml version="1.0" encoding="UTF-8"?>
<testsuite xmlns:xsi="http://www.w3.org/2001/XMLSchema-instance" xsi:noNamespaceSchemaLocation="https://maven.apache.org/surefire/maven-surefire-plugin/xsd/surefire-test-report-3.0.xsd" version="3.0" name="com.andexevents.events.EventsServiceIntegrationTest" time="5.686" tests="1" errors="0" skipped="0" failures="0">
  <properties>
[...]
</properties>
  <testcase name="createEvent_list_get_participate_participants_flow" classname="com.andexevents.events.EventsServiceIntegrationTest" time="0.242">
    <system-out><![CDATA[11:52:56.987 [main] INFO org.testcontainers.images.PullPolicy -- Image pull policy will be performed by: DefaultPullPolicy()
11:52:56.988 [main] INFO org.testcontainers.utility.ImageNameSubstitutor -- Image name substitution will be performed by: DefaultImageNameSubstitutor (composite of 'ConfigurationFileImageNameSubstitutor' and 'PrefixingImageNameSubstitutor')
11:52:56.997 [main] INFO org.testcontainers.DockerClientFactory -- Testcontainers version: 1.20.4
11:52:57.153 [main] INFO org.testcontainers.dockerclient.DockerClientProviderStrategy -- Found Docker environment with Environment variables, system properties and defaults. Resolved dockerHost=unix:///var/run/docker.sock
11:52:57.153 [main] INFO org.testcontainers.DockerClientFactory -- Docker host IP address is localhost
11:52:57.160 [main] INFO org.testcontainers.DockerClientFactory -- Connected to docker: 
  Server Version: 29.1.5
  API Version: 1.52
  Operating System: Docker Desktop
  Total Memory: 7836 MB
  Labels: 
    com.docker.desktop.address=unix:///Users/nathankarma/Library/Containers/com.docker.docker/Data/docker-cli.sock
11:52:57.199 [main] INFO tc.testcontainers/ryuk:0.11.0 -- Creating container for image: testcontainers/ryuk:0.11.0
11:52:57.339 [main] INFO tc.testcontainers/ryuk:0.11.0 -- Container testcontainers/ryuk:0.11.0 is starting: 1511ba70a3006f4a418f27ebb29ab1c61c44e3aa1fc233862af304f56f782e63
11:52:57.455 [main] INFO tc.testcontainers/ryuk:0.11.0 -- Container testcontainers/ryuk:0.11.0 started in PT0.256248S
11:52:57.458 [main] INFO org.testcontainers.utility.RyukResourceReaper -- Ryuk started - will monitor and terminate Testcontainers containers on JVM exit
11:52:57.458 [main] INFO org.testcontainers.DockerClientFactory -- Checking the system...
11:52:57.458 [main] INFO org.testcontainers.DockerClientFactory -- ✔︎ Docker server version should be at least 1.6.0
11:52:57.458 [main] INFO tc.postgis/postgis:16-3.4 -- Creating container for image: postgis/postgis:16-3.4
11:52:57.478 [main] INFO tc.postgis/postgis:16-3.4 -- Container postgis/postgis:16-3.4 is starting: 9eacf2e9f44b8ff56720e0c0098cc41bfa98c98af65d4c047bdc7211b88a2ffb
11:52:57.558 [main] WARN tc.postgis/postgis:16-3.4 -- The architecture 'amd64' for image 'postgis/postgis:16-3.4' (ID sha256:44126d872ac91993766c341e369c539e8196614321765d36a6f1bab0419a5fa5) does not match the Docker server architecture 'arm64'. This will cause the container to execute much more slowly due to emulation and may lead to timeout failures.
11:53:00.370 [main] INFO tc.postgis/postgis:16-3.4 -- Container postgis/postgis:16-3.4 started in PT2.911643S
11:53:00.371 [main] INFO tc.postgis/postgis:16-3.4 -- Container is started (JDBC URL: jdbc:postgresql://localhost:53117/test?loggerLevel=OFF)
11:53:00.410 [main] INFO org.springframework.test.context.support.AnnotationConfigContextLoaderUtils -- Could not detect default configuration classes for test class [com.andexevents.events.EventsServiceIntegrationTest]: EventsServiceIntegrationTest does not declare any static, non-private, non-final, nested classes annotated with @Configuration.
11:53:00.447 [main] INFO org.springframework.boot.test.context.SpringBootTestContextBootstrapper -- Found @SpringBootConfiguration com.andexevents.events.EventsServiceApplication for test class com.andexevents.events.EventsServiceIntegrationTest

  .   ____          _            __ _ _
 /\\ / ___'_ __ _ _(_)_ __  __ _ \ \ \ \
( ( )\___ | '_ | '_| | '_ \/ _` | \ \ \ \
 \\/  ___)| |_)| | | | | || (_| |  ) ) ) )
  '  |____| .__|_| |_|_| |_\__, | / / / /
 =========|_|==============|___/=/_/_/_/

 :: Spring Boot ::                (v3.3.5)

2026-02-09T11:53:00.562+03:00  INFO 18173 --- [events-service] [           main] c.a.events.EventsServiceIntegrationTest  : Starting EventsServiceIntegrationTest using Java 25.0.1 with PID 18173 (started by nathankarma in /Users/nathankarma/Code/andexevents/services-java/events-service)
2026-02-09T11:53:00.563+03:00  INFO 18173 --- [events-service] [           main] c.a.events.EventsServiceIntegrationTest  : No active profile set, falling back to 1 default profile: "default"
2026-02-09T11:53:01.397+03:00  INFO 18173 --- [events-service] [           main] o.s.b.w.embedded.tomcat.TomcatWebServer  : Tomcat initialized with port 0 (http)
2026-02-09T11:53:01.402+03:00  INFO 18173 --- [events-service] [           main] o.apache.catalina.core.StandardService   : Starting service [Tomcat]
2026-02-09T11:53:01.402+03:00  INFO 18173 --- [events-service] [           main] o.apache.catalina.core.StandardEngine    : Starting Servlet engine: [Apache Tomcat/10.1.31]
2026-02-09T11:53:01.418+03:00  INFO 18173 --- [events-service] [           main] o.a.c.c.C.[Tomcat].[localhost].[/]       : Initializing Spring embedded WebApplicationContext
2026-02-09T11:53:01.418+03:00  INFO 18173 --- [events-service] [           main] w.s.c.ServletWebServerApplicationContext : Root WebApplicationContext: initialization completed in 850 ms
2026-02-09T11:53:01.511+03:00  INFO 18173 --- [events-service] [           main] com.zaxxer.hikari.HikariDataSource       : HikariPool-1 - Starting...
2026-02-09T11:53:01.595+03:00  INFO 18173 --- [events-service] [           main] com.zaxxer.hikari.pool.HikariPool        : HikariPool-1 - Added connection org.postgresql.jdbc.PgConnection@49c947f7
2026-02-09T11:53:01.595+03:00  INFO 18173 --- [events-service] [           main] com.zaxxer.hikari.HikariDataSource       : HikariPool-1 - Start completed.
2026-02-09T11:53:01.613+03:00  INFO 18173 --- [events-service] [           main] org.flywaydb.core.FlywayExecutor         : Database: jdbc:postgresql://localhost:53117/test (PostgreSQL 16.4)
2026-02-09T11:53:01.647+03:00  INFO 18173 --- [events-service] [           main] o.f.c.i.s.JdbcTableSchemaHistory         : Schema history table "public"."flyway_schema_history" does not exist yet
2026-02-09T11:53:01.648+03:00  INFO 18173 --- [events-service] [           main] o.f.core.internal.command.DbValidate     : Successfully validated 2 migrations (execution time 00:00.014s)
2026-02-09T11:53:01.663+03:00  INFO 18173 --- [events-service] [           main] o.f.c.i.s.JdbcTableSchemaHistory         : Creating Schema History table "public"."flyway_schema_history" ...
2026-02-09T11:53:01.730+03:00  INFO 18173 --- [events-service] [           main] o.f.core.internal.command.DbMigrate      : Current version of schema "public": << Empty Schema >>
2026-02-09T11:53:01.737+03:00  INFO 18173 --- [events-service] [           main] o.f.core.internal.command.DbMigrate      : Migrating schema "public" to version "1 - init"
2026-02-09T11:53:01.739+03:00  WARN 18173 --- [events-service] [           main] o.f.c.i.s.DefaultSqlScriptExecutor       : DB: extension "postgis" already exists, skipping (SQL State: 42710 - Error Code: 0)
2026-02-09T11:53:01.796+03:00  INFO 18173 --- [events-service] [           main] o.f.core.internal.command.DbMigrate      : Migrating schema "public" to version "2 - firebase uid"
2026-02-09T11:53:01.797+03:00  INFO 18173 --- [events-service] [           main] o.f.c.i.s.DefaultSqlScriptExecutor       : DB: relation "User" does not exist, skipping
2026-02-09T11:53:01.797+03:00  INFO 18173 --- [events-service] [           main] o.f.c.i.s.DefaultSqlScriptExecutor       : DB: relation "User" does not exist, skipping
2026-02-09T11:53:01.804+03:00  INFO 18173 --- [events-service] [           main] o.f.core.internal.command.DbMigrate      : Successfully applied 2 migrations to schema "public", now at version v2 (execution time 00:00.052s)
2026-02-09T11:53:01.916+03:00  WARN 18173 --- [events-service] [           main] .s.s.UserDetailsServiceAutoConfiguration : 

Using generated security password: 34133bf7-b04e-4066-afda-9cf94493624a

This generated password is for development use only. Your security configuration must be updated before running your application in production.

2026-02-09T11:53:01.920+03:00  INFO 18173 --- [events-service] [           main] r$InitializeUserDetailsManagerConfigurer : Global AuthenticationManager configured with UserDetailsService bean with name inMemoryUserDetailsManager
2026-02-09T11:53:02.009+03:00  INFO 18173 --- [events-service] [           main] o.s.b.a.e.web.EndpointLinksResolver      : Exposing 3 endpoints beneath base path '/actuator'
2026-02-09T11:53:02.149+03:00  INFO 18173 --- [events-service] [           main] o.s.b.w.embedded.tomcat.TomcatWebServer  : Tomcat started on port 53159 (http) with context path '/'
2026-02-09T11:53:02.156+03:00  INFO 18173 --- [events-service] [           main] c.a.events.EventsServiceIntegrationTest  : Started EventsServiceIntegrationTest in 1.671 seconds (process running for 5.386)
2026-02-09T11:53:02.292+03:00  INFO 18173 --- [events-service] [o-auto-1-exec-1] o.a.c.c.C.[Tomcat].[localhost].[/]       : Initializing Spring DispatcherServlet 'dispatcherServlet'
2026-02-09T11:53:02.293+03:00  INFO 18173 --- [events-service] [o-auto-1-exec-1] o.s.web.servlet.DispatcherServlet        : Initializing Servlet 'dispatcherServlet'
2026-02-09T11:53:02.293+03:00  INFO 18173 --- [events-service] [o-auto-1-exec-1] o.s.web.servlet.DispatcherServlet        : Completed initialization in 0 ms
]]></system-out>
    <system-err><![CDATA[WARNING: A Java agent has been loaded dynamically (/Users/nathankarma/.m2/repository/net/bytebuddy/byte-buddy-agent/1.14.19/byte-buddy-agent-1.14.19.jar)
WARNING: If a serviceability tool is in use, please run with -XX:+EnableDynamicAgentLoading to hide this warning
WARNING: If a serviceability tool is not in use, please run with -Djdk.instrument.traceUsage for more information
WARNING: Dynamic loading of agents will be disallowed by default in a future release
]]></system-err>
  </testcase>
</testsuite>